Admin_Android_App/demo/build/outputs/logs/manifest-merger-debug-report.txt
-- Merging decision tree log ---
manifest
ADDED from demo\AndroidManifest.xml:2:1-55:12
	package
		ADDED from demo\AndroidManifest.xml:3:11-55
	android:versionName
		ADDED from demo\AndroidManifest.xml:5:11-36
		INJECTED from demo\AndroidManifest.xml
		INJECTED from demo\AndroidManifest.xml
	android:versionCode
		ADDED from demo\AndroidManifest.xml:4:11-34
		INJECTED from demo\AndroidManifest.xml
		INJECTED from demo\AndroidManifest.xml
	xmlns:android
		ADDED from demo\AndroidManifest.xml:2:11-69
permission#com.google.maps.android.utils.permission.MAPS_RECEIVE
ADDED from demo\AndroidManifest.xml:7:5-9:50
	android:protectionLevel
		ADDED from demo\AndroidManifest.xml:9:13-48
	android:name
		ADDED from demo\AndroidManifest.xml:8:13-81
uses-permission#com.google.maps.android.utils.permission.MAPS_RECEIVE
ADDED from demo\AndroidManifest.xml:10:5-92
	android:name
		ADDED from demo\AndroidManifest.xml:10:22-90
uses-permission#android.permission.INTERNET
ADDED from demo\AndroidManifest.xml:12:5-66
MERGED from [com.google.android.gms:play-services-maps:11.0.4] AndroidManifest.xml:20:5-66
	android:name
		ADDED from demo\AndroidManifest.xml:12:22-64
uses-permission#android.permission.ACCESS_NETWORK_STATE
ADDED from demo\AndroidManifest.xml:13:5-78
MERGED from [com.google.android.gms:play-services-maps:11.0.4] AndroidManifest.xml:19:5-78
	android:name
		ADDED from demo\AndroidManifest.xml:13:22-76
uses-permission#android.permission.WRITE_EXTERNAL_STORAGE
ADDED from demo\AndroidManifest.xml:14:5-80
	android:name
		ADDED from demo\AndroidManifest.xml:14:22-78
uses-permission#com.google.android.providers.gsf.permission.READ_GSERVICES
ADDED from demo\AndroidManifest.xml:15:5-97
	android:name
		ADDED from demo\AndroidManifest.xml:15:22-95
uses-permission#android.permission.ACCESS_COARSE_LOCATION
ADDED from demo\AndroidManifest.xml:17:5-80
	android:name
		ADDED from demo\AndroidManifest.xml:17:22-78
uses-permission#android.permission.ACCESS_FINE_LOCATION
ADDED from demo\AndroidManifest.xml:18:5-78
	android:name
		ADDED from demo\AndroidManifest.xml:18:22-76
uses-feature#0x00020000
ADDED from demo\AndroidManifest.xml:20:5-22:38
MERGED from [com.google.android.gms:play-services-maps:11.0.4] AndroidManifest.xml:21:5-77
	android:glEsVersion
		ADDED from demo\AndroidManifest.xml:21:13-45
	android:required
		ADDED from demo\AndroidManifest.xml:22:13-36
application
ADDED from demo\AndroidManifest.xml:24:5-53:19
MERGED from [com.google.maps.android:library:0.5.1-SNAPSHOT] AndroidManifest.xml:7:5-11:19
MERGED from [com.google.android.gms:play-services-maps:11.0.4] AndroidManifest.xml:24:5-19
MERGED from [com.google.android.gms:play-services-base:11.0.4] AndroidManifest.xml:18:5-20:19
MERGED from [com.google.android.gms:play-services-tasks:11.0.4] AndroidManifest.xml:4:5-19
MERGED from [com.google.android.gms:play-services-basement:11.0.4] AndroidManifest.xml:19:5-21:19
MERGED from [com.android.support:support-v4:25.2.0] AndroidManifest.xml:25:5-20
MERGED from [com.android.support:support-fragment:25.2.0] AndroidManifest.xml:25:5-20
MERGED from [com.android.support:support-media-compat:25.2.0] AndroidManifest.xml:25:5-20
MERGED from [com.android.support:support-core-ui:25.2.0] AndroidManifest.xml:25:5-20
MERGED from [com.android.support:support-core-utils:25.2.0] AndroidManifest.xml:25:5-20
MERGED from [com.android.support:support-compat:25.2.0] AndroidManifest.xml:25:5-20
	android:label
		ADDED from demo\AndroidManifest.xml:26:13-45
	android:allowBackup
		ADDED from demo\AndroidManifest.xml:28:13-40
	android:icon
		ADDED from demo\AndroidManifest.xml:25:13-49
	android:theme
		ADDED from demo\AndroidManifest.xml:27:13-54
meta-data#com.google.android.gms.version
ADDED from demo\AndroidManifest.xml:30:9-32:73
MERGED from [com.google.maps.android:library:0.5.1-SNAPSHOT] AndroidManifest.xml:8:9-10:69
MERGED from [com.google.android.gms:play-services-basement:11.0.4] AndroidManifest.xml:20:9-121
	android:value
		ADDED from demo\AndroidManifest.xml:32:17-70
	android:name
		ADDED from demo\AndroidManifest.xml:31:17-62
meta-data#com.google.android.geo.API_KEY
ADDED from demo\AndroidManifest.xml:34:9-36:74
	android:value
		ADDED from demo\AndroidManifest.xml:36:17-72
	android:name
		ADDED from demo\AndroidManifest.xml:35:17-62
activity#com.google.maps.android.utils.demo.MainActivity
ADDED from demo\AndroidManifest.xml:38:9-45:20
	android:label
		ADDED from demo\AndroidManifest.xml:40:17-49
	android:name
		ADDED from demo\AndroidManifest.xml:39:17-45
intent-filter#android.intent.action.MAIN+android.intent.category.LAUNCHER
ADDED from demo\AndroidManifest.xml:41:13-44:29
action#android.intent.action.MAIN
ADDED from demo\AndroidManifest.xml:42:17-68
	android:name
		ADDED from demo\AndroidManifest.xml:42:25-66
category#android.intent.category.LAUNCHER
ADDED from demo\AndroidManifest.xml:43:17-76
	android:name
		ADDED from demo\AndroidManifest.xml:43:27-74
activity#com.google.maps.android.utils.demo.PolyDecodeDemoActivity
ADDED from demo\AndroidManifest.xml:47:9-59
	android:name
		ADDED from demo\AndroidManifest.xml:47:19-57
activity#com.google.maps.android.utils.demo.ClusteringDemoActivity
ADDED from demo\AndroidManifest.xml:48:9-59
	android:name
		ADDED from demo\AndroidManifest.xml:48:19-57
activity#com.google.maps.android.utils.demo.BigClusteringDemoActivity
ADDED from demo\AndroidManifest.xml:49:9-62
	android:name
		ADDED from demo\AndroidManifest.xml:49:19-60
activity#com.google.maps.android.utils.demo.VisibleClusteringDemoActivity
ADDED from demo\AndroidManifest.xml:50:9-66
	android:name
		ADDED from demo\AndroidManifest.xml:50:19-64
activity#com.google.maps.android.utils.demo.CustomMarkerClusteringDemoActivity
ADDED from demo\AndroidManifest.xml:51:9-71
	android:name
		ADDED from demo\AndroidManifest.xml:51:19-69
uses-sdk
INJECTED from demo\AndroidManifest.xml reason: use-sdk injection requested
MERGED from [com.google.maps.android:library:0.5.1-SNAPSHOT] AndroidManifest.xml:5:5-44
MERGED from [com.google.android.gms:play-services-maps:11.0.4] AndroidManifest.xml:23:5-43
MERGED from [com.google.android.gms:play-services-base:11.0.4] AndroidManifest.xml:17:5-43
MERGED from [com.google.android.gms:play-services-tasks:11.0.4] AndroidManifest.xml:3:5-43
MERGED from [com.google.android.gms:play-services-basement:11.0.4] AndroidManifest.xml:17:5-43
MERGED from [com.android.support:support-v4:25.2.0] AndroidManifest.xml:21:5-23:54
MERGED from [com.android.support:support-fragment:25.2.0] AndroidManifest.xml:21:5-23:60
MERGED from [com.android.support:support-media-compat:25.2.0] AndroidManifest.xml:21:5-23:63
MERGED from [com.android.support:support-core-ui:25.2.0] AndroidManifest.xml:21:5-23:58
MERGED from [com.android.support:support-core-utils:25.2.0] AndroidManifest.xml:21:5-23:61
MERGED from [com.android.support:support-compat:25.2.0] AndroidManifest.xml:21:5-23:58
	tools:overrideLibrary
		ADDED from [com.android.support:support-v4:25.2.0] AndroidManifest.xml:23:9-51
	android:targetSdkVersion
		INJECTED from demo\AndroidManifest.xml
		INJECTED from demo\AndroidManifest.xml
	android:minSdkVersion
		INJECTED from demo\AndroidManifest.xml
		INJECTED from demo\AndroidManifest.xml
activity#com.google.android.gms.common.api.GoogleApiActivity
ADDED from [com.google.android.gms:play-services-base:11.0.4] AndroidManifest.xml:19:9-172
	android:exported
		ADDED from [com.google.android.gms:play-services-base:11.0.4] AndroidManifest.xml:19:146-170
	android:theme
		ADDED from [com.google.android.gms:play-services-base:11.0.4] AndroidManifest.xml:19:86-145
	android:name
		ADDED from [com.google.android.gms:play-services-base:11.0.4] AndroidManifest.xml:19:19-85